<?xml version="1.0" encoding="UTF-8"?>
<!-- Generated by org.testng.reporters.JUnitXMLReporter -->
<testsuite ignored="0" hostname="Suvendu" failures="0" tests="2" name="TestOnFireFox" time="0.669" errors="0" timestamp="2020-05-26T16:36:08 IST">
  <testcase classname="Assignment1.ContactForm" name="@BeforeTest setup" time="0.419">
    <failure type="java.lang.IllegalStateException" message="The driver executable does not exist: Y:\suvendupathak_40039462\maven.selenium.testng\.\geckodriver.exe">
      <![CDATA[java.lang.IllegalStateException: The driver executable does not exist: Y:\suvendupathak_40039462\maven.selenium.testng\.\geckodriver.exe
at com.google.common.base.Preconditions.checkState(Preconditions.java:585)
at org.openqa.selenium.remote.service.DriverService.checkExecutable(DriverService.java:146)
at org.openqa.selenium.remote.service.DriverService.findExecutable(DriverService.java:141)
at org.openqa.selenium.firefox.GeckoDriverService.access$100(GeckoDriverService.java:44)
at org.openqa.selenium.firefox.GeckoDriverService$Builder.findDefaultExecutable(GeckoDriverService.java:167)
at org.openqa.selenium.remote.service.DriverService$Builder.build(DriverService.java:355)
at org.openqa.selenium.firefox.FirefoxDriver.toExecutor(FirefoxDriver.java:190)
at org.openqa.selenium.firefox.FirefoxDriver.<init>(FirefoxDriver.java:147)
at org.openqa.selenium.firefox.FirefoxDriver.<init>(FirefoxDriver.java:125)
at Assignment1.ContactForm.setup(ContactForm.java:34)
at java.base/java.util.concurrent.FutureTask.run(FutureTask.java:264)
at java.base/java.util.concurrent.ThreadPoolExecutor.runWorker(ThreadPoolExecutor.java:1128)
at java.base/java.util.concurrent.ThreadPoolExecutor$Worker.run(ThreadPoolExecutor.java:628)
at java.base/java.lang.Thread.run(Thread.java:834)
... Removed 15 stack frames]]>
    </failure>
  </testcase> <!-- @BeforeTest setup -->
  <testcase classname="Assignment1.ContactForm" name="@AfterTest ExitDriver" time="-1.590491168293E9">
    <skipped/>
  </testcase> <!-- @AfterTest ExitDriver -->
  <testcase classname="Assignment1.ContactForm" name="LaunchBrowser" time="0.0">
    <skipped/>
  </testcase> <!-- LaunchBrowser -->
  <testcase classname="Assignment1.ContactForm" name="EnterDetails" time="0.0">
    <skipped/>
  </testcase> <!-- EnterDetails -->
</testsuite> <!-- TestOnFireFox -->
